<?xml version="1.0" encoding="UTF-8"?>
<testng-results skipped="0" failed="0" ignored="0" total="1" passed="1">
  <reporter-output>
  </reporter-output>
  <suite name="personio.PersonioUIHomePageHeaderlinksTest" duration-ms="63205" started-at="2019-07-10T21:41:21Z" finished-at="2019-07-10T21:42:24Z">
    <groups>
    </groups>
    <test name="Command line test" duration-ms="63205" started-at="2019-07-10T21:41:21Z" finished-at="2019-07-10T21:42:24Z">
      <class name="personio.PersonioUIHomePageHeaderlinksTest">
        <test-method status="PASS" signature="initialize()[pri:0, instance:personio.PersonioUIHomePageHeaderlinksTest@223f3642]" name="initialize" is-config="true" duration-ms="6668" started-at="2019-07-10T21:41:21Z" finished-at="2019-07-10T21:41:27Z">
          <reporter-output>
          </reporter-output>
        </test-method> <!-- initialize -->
        <test-method status="PASS" signature="VerifyHomePageHeaderlinks()[pri:0, instance:personio.PersonioUIHomePageHeaderlinksTest@223f3642]" name="VerifyHomePageHeaderlinks" duration-ms="56468" started-at="2019-07-10T21:41:27Z" finished-at="2019-07-10T21:42:24Z">
          <reporter-output>
          </reporter-output>
        </test-method> <!-- VerifyHomePageHeaderlinks -->
        <test-method status="PASS" signature="teardown()[pri:0, instance:personio.PersonioUIHomePageHeaderlinksTest@223f3642]" name="teardown" is-config="true" duration-ms="55" started-at="2019-07-10T21:42:24Z" finished-at="2019-07-10T21:42:24Z">
          <reporter-output>
          </reporter-output>
        </test-method> <!-- teardown -->
      </class> <!-- personio.PersonioUIHomePageHeaderlinksTest -->
    </test> <!-- Command line test -->
  </suite> <!-- personio.PersonioUIHomePageHeaderlinksTest -->
</testng-results>
